09:07:42 INFO  : Launching XSCT server: xsct.bat -n  -interactive C:\Users\Karlsen\Sep-repository-2\HW_Base_Booster_2025\temp_xsdb_launch_script.tcl
09:07:43 INFO  : Registering command handlers for Vitis TCF services
09:07:49 INFO  : XSCT server has started successfully.
09:07:49 INFO  : plnx-install-location is set to ''
09:07:49 INFO  : Successfully done setting XSCT server connection channel  
09:07:49 INFO  : Successfully done setting workspace for the tool. 
09:07:49 INFO  : Successfully done query RDI_DATADIR 
09:07:50 INFO  : Platform repository initialization has completed.
09:14:30 INFO  : Result from executing command 'getProjects': HW_Base_Booster
09:14:30 INFO  : Result from executing command 'getPlatforms': 
09:16:29 INFO  : Successfully done sdx_reload_mss "C:/Users/Karlsen/Sep-repository-2/HW_Base_Booster_2025/HW_Base_Booster/zynq_fsbl/zynq_fsbl_bsp/system.mss"
09:16:37 INFO  : Successfully done sdx_reload_mss "C:/Users/Karlsen/Sep-repository-2/HW_Base_Booster_2025/HW_Base_Booster/ps7_cortexa9_0/standalone_domain/bsp/system.mss"
09:17:55 INFO  : Result from executing command 'getProjects': HW_Base_Booster
09:17:55 INFO  : Result from executing command 'getPlatforms': HW_Base_Booster|C:/Users/Karlsen/Sep-repository-2/HW_Base_Booster_2025/HW_Base_Booster/export/HW_Base_Booster/HW_Base_Booster.xpfm
12:38:20 INFO  : Launching XSCT server: xsct.bat -n  -interactive C:\Users\Karlsen\Sep-repository-2\HW_Base_Booster_2025\temp_xsdb_launch_script.tcl
12:38:27 INFO  : XSCT server has started successfully.
12:38:27 INFO  : Successfully done setting XSCT server connection channel  
12:38:27 INFO  : plnx-install-location is set to ''
12:38:27 INFO  : Successfully done setting workspace for the tool. 
12:38:32 INFO  : Platform repository initialization has completed.
12:38:34 INFO  : Registering command handlers for Vitis TCF services
12:38:46 INFO  : Successfully done query RDI_DATADIR 
12:42:29 INFO  : Checking for BSP changes to sync application flags for project 'SW_Base_Booster'...
12:42:49 ERROR : (XSDB Server)ERROR: [Hsi 55-1571] The design file C:/Users/Karlsen/Sep-repository-2/HW_Base_Booster_2025/HW_Base_Booster/export/HW_Base_Booster/hw/DEMO_wrapper.xsa is already opened

12:42:52 INFO  : Checking for BSP changes to sync application flags for project 'SW_Base_Booster'...
12:42:58 INFO  : Checking for BSP changes to sync application flags for project 'SW_Base_Booster'...
12:43:02 INFO  : Checking for BSP changes to sync application flags for project 'SW_Base_Booster'...
12:46:09 INFO  : Checking for BSP changes to sync application flags for project 'SW_Base_Booster'...
12:46:16 INFO  : Checking for BSP changes to sync application flags for project 'SW_Base_Booster'...
12:46:22 INFO  : Checking for BSP changes to sync application flags for project 'SW_Base_Booster'...
12:46:50 INFO  : Checking for BSP changes to sync application flags for project 'SW_Base_Booster'...
12:51:30 INFO  : Checking for BSP changes to sync application flags for project 'SW_Base_Booster'...
12:51:39 INFO  : Checking for BSP changes to sync application flags for project 'SW_Base_Booster'...
12:51:45 INFO  : Checking for BSP changes to sync application flags for project 'SW_Base_Booster'...
12:51:49 ERROR : (XSDB Server)ERROR: [Hsi 55-1571] The design file C:/Users/Karlsen/Sep-repository-2/HW_Base_Booster_2025/HW_Base_Booster/export/HW_Base_Booster/hw/DEMO_wrapper.xsa is already opened

08:40:07 INFO  : Launching XSCT server: xsct.bat -n  -interactive C:\Users\Karlsen\Sep-repository-2\HW_Base_Booster_2025\temp_xsdb_launch_script.tcl
08:40:12 INFO  : XSCT server has started successfully.
08:40:12 INFO  : Successfully done setting XSCT server connection channel  
08:40:12 INFO  : plnx-install-location is set to ''
08:40:12 INFO  : Successfully done setting workspace for the tool. 
08:40:20 INFO  : Platform repository initialization has completed.
08:40:20 INFO  : Registering command handlers for Vitis TCF services
08:40:26 INFO  : Successfully done query RDI_DATADIR 
08:41:31 ERROR : (XSDB Server)ERROR: [Hsi 55-1571] The design file C:/Users/Karlsen/Sep-repository-2/HW_Base_Booster_2025/HW_Base_Booster/export/HW_Base_Booster/hw/DEMO_wrapper.xsa is already opened

08:41:31 INFO  : Generated template bif file for SW_Base_Booster
08:42:01 INFO  : Invoking Bootgen: bootgen -image SW_Base_Booster.bif -arch zynq -o C:/Users/Karlsen/Sep-repository-2/HW_Base_Booster_2025/SW_Base_Booster/_ide/bootimage/BOOT.bin
08:42:03 INFO  : Bootgen command execution is done.
08:54:12 INFO  : Hardware specification for platform project 'HW_Base_Booster' is updated.
08:54:38 INFO  : Result from executing command 'getProjects': HW_Base_Booster
08:54:38 INFO  : Result from executing command 'getPlatforms': HW_Base_Booster|C:/Users/Karlsen/Sep-repository-2/HW_Base_Booster_2025/HW_Base_Booster/export/HW_Base_Booster/HW_Base_Booster.xpfm
08:54:52 INFO  : Checking for BSP changes to sync application flags for project 'SW_Base_Booster'...
08:55:00 INFO  : Checking for BSP changes to sync application flags for project 'SW_Base_Booster'...
08:55:04 INFO  : Checking for BSP changes to sync application flags for project 'SW_Base_Booster'...
08:55:06 INFO  : The hardware specfication used by project 'SW_Base_Booster' is out of sync with the platform. Resource files extracted from the hardware specfiication will be updated.
08:55:06 INFO  : The file 'C:\Users\Karlsen\Sep-repository-2\HW_Base_Booster_2025\SW_Base_Booster\_ide\bitstream\DEMO_wrapper.bit' stored in project is removed.
08:55:06 INFO  : The updated bitstream files are copied from platform to folder 'C:\Users\Karlsen\Sep-repository-2\HW_Base_Booster_2025\SW_Base_Booster\_ide\bitstream' in project 'SW_Base_Booster'.
08:55:06 INFO  : The file 'C:\Users\Karlsen\Sep-repository-2\HW_Base_Booster_2025\SW_Base_Booster\_ide\psinit\ps7_init.tcl' stored in project is removed.
08:55:15 INFO  : The updated ps init files are copied from platform to folder 'C:\Users\Karlsen\Sep-repository-2\HW_Base_Booster_2025\SW_Base_Booster\_ide\psinit' in project 'SW_Base_Booster'.
08:55:51 INFO  : Invoking Bootgen: bootgen -image SW_Base_Booster.bif -arch zynq -o C:/Users/Karlsen/Sep-repository-2/HW_Base_Booster_2025/SW_Base_Booster/_ide/bootimage/BOOT.bin -w on
08:55:53 INFO  : Bootgen command execution is done.
09:00:32 INFO  : Connected to target on host '127.0.0.1' and port '3121'.
09:00:32 INFO  : Jtag cable 'Digilent Zybo Z7 210351B3FC69A' is selected.
09:00:32 INFO  : 'jtag frequency' command is executed.
09:00:32 INFO  : Context for 'APU' is selected.
09:00:32 INFO  : System reset is completed.
09:00:35 INFO  : 'after 3000' command is executed.
09:00:36 INFO  : 'targets -set -filter {jtag_cable_name =~ "Digilent Zybo Z7 210351B3FC69A" && level==0 && jtag_device_ctx=="jsn-Zybo Z7-210351B3FC69A-13722093-0"}' command is executed.
09:00:37 INFO  : FPGA configured successfully with bitstream "C:/Users/Karlsen/Sep-repository-2/HW_Base_Booster_2025/SW_Base_Booster/_ide/bitstream/DEMO_wrapper.bit"
09:00:37 INFO  : Context for 'APU' is selected.
09:00:37 INFO  : Hardware design and registers information is loaded from 'C:/Users/Karlsen/Sep-repository-2/HW_Base_Booster_2025/HW_Base_Booster/export/HW_Base_Booster/hw/DEMO_wrapper.xsa'.
09:00:37 INFO  : 'configparams force-mem-access 1' command is executed.
09:00:37 INFO  : Context for 'APU' is selected.
09:00:37 INFO  : Sourcing of 'C:/Users/Karlsen/Sep-repository-2/HW_Base_Booster_2025/SW_Base_Booster/_ide/psinit/ps7_init.tcl' is done.
09:00:38 INFO  : 'ps7_init' command is executed.
09:00:38 INFO  : 'ps7_post_config' command is executed.
09:00:38 INFO  : Context for processor 'ps7_cortexa9_0' is selected.
09:00:38 INFO  : The application 'C:/Users/Karlsen/Sep-repository-2/HW_Base_Booster_2025/SW_Base_Booster/Debug/SW_Base_Booster.elf' is downloaded to processor 'ps7_cortexa9_0'.
09:00:38 INFO  : 'configparams force-mem-access 0' command is executed.
09:00:38 INFO  : ----------------XSDB Script----------------
connect -url tcp:127.0.0.1:3121
targets -set -nocase -filter {name =~"APU*"}
rst -system
after 3000
targets -set -filter {jtag_cable_name =~ "Digilent Zybo Z7 210351B3FC69A" && level==0 && jtag_device_ctx=="jsn-Zybo Z7-210351B3FC69A-13722093-0"}
fpga -file C:/Users/Karlsen/Sep-repository-2/HW_Base_Booster_2025/SW_Base_Booster/_ide/bitstream/DEMO_wrapper.bit
targets -set -nocase -filter {name =~"APU*"}
loadhw -hw C:/Users/Karlsen/Sep-repository-2/HW_Base_Booster_2025/HW_Base_Booster/export/HW_Base_Booster/hw/DEMO_wrapper.xsa -mem-ranges [list {0x40000000 0xbfffffff}] -regs
configparams force-mem-access 1
targets -set -nocase -filter {name =~"APU*"}
source C:/Users/Karlsen/Sep-repository-2/HW_Base_Booster_2025/SW_Base_Booster/_ide/psinit/ps7_init.tcl
ps7_init
ps7_post_config
targets -set -nocase -filter {name =~ "*A9*#0"}
dow C:/Users/Karlsen/Sep-repository-2/HW_Base_Booster_2025/SW_Base_Booster/Debug/SW_Base_Booster.elf
configparams force-mem-access 0
----------------End of Script----------------

09:00:39 INFO  : Context for processor 'ps7_cortexa9_0' is selected.
09:00:39 INFO  : 'con' command is executed.
09:00:39 INFO  : ----------------XSDB Script (After Launch)----------------
targets -set -nocase -filter {name =~ "*A9*#0"}
con
----------------End of Script----------------

09:00:39 INFO  : Launch script is exported to file 'C:\Users\Karlsen\Sep-repository-2\HW_Base_Booster_2025\.sdk\launch_scripts\single_application_debug\debugger_sw_base_booster-default.tcl'
09:12:35 INFO  : Disconnected from the channel tcfchan#3.
