00:55:30 INFO  : Launching XSCT server: xsct.bat -n  -interactive C:\Users\fuent\Desktop\Avancesemanal\vitis_export_archive.ide\temp_xsdb_launch_script.tcl
00:55:30 INFO  : Registering command handlers for Vitis TCF services
00:55:33 INFO  : XSCT server has started successfully.
00:55:34 INFO  : Platform repository initialization has completed.
00:55:34 INFO  : plnx-install-location is set to ''
00:55:34 INFO  : Successfully done setting XSCT server connection channel  
00:55:34 INFO  : Successfully done query RDI_DATADIR 
00:55:34 INFO  : Successfully done setting workspace for the tool. 
00:55:54 INFO  : Platform 'HW_Base_Booster' is added to custom repositories.
00:57:28 INFO  : Result from executing command 'getProjects': HW_Base_Booster
00:57:28 INFO  : Result from executing command 'getPlatforms': HW_Base_Booster|C:/Users/fuent/Desktop/Avancesemanal/vitis_export_archive.ide/HW_Base_Booster/export/HW_Base_Booster/HW_Base_Booster.xpfm
00:57:29 INFO  : Checking for BSP changes to sync application flags for project 'SW_Base_Booster'...
00:58:09 INFO  : Checking for BSP changes to sync application flags for project 'SW_Base_Booster'...
00:58:28 INFO  : Checking for BSP changes to sync application flags for project 'SW_Base_Booster'...
21:11:52 INFO  : Launching XSCT server: xsct.bat -n  -interactive C:\Users\fuent\Desktop\Avancesemanal\vitis_export_archive.ide\temp_xsdb_launch_script.tcl
21:12:00 INFO  : XSCT server has started successfully.
21:12:00 INFO  : plnx-install-location is set to ''
21:12:00 INFO  : Successfully done setting XSCT server connection channel  
21:12:00 INFO  : Successfully done setting workspace for the tool. 
21:12:11 INFO  : Platform repository initialization has completed.
21:12:12 INFO  : Registering command handlers for Vitis TCF services
21:12:23 INFO  : Successfully done query RDI_DATADIR 
21:40:21 INFO  : Checking for BSP changes to sync application flags for project 'SW_Base_Booster'...
21:40:43 INFO  : Checking for BSP changes to sync application flags for project 'SW_Base_Booster'...
21:42:17 INFO  : Checking for BSP changes to sync application flags for project 'SW_Base_Booster'...
21:42:28 INFO  : Connected to target on host '127.0.0.1' and port '3121'.
21:42:29 INFO  : Jtag cable 'Digilent Zybo Z7 210351B3FC69A' is selected.
21:42:29 INFO  : 'jtag frequency' command is executed.
21:42:29 INFO  : Context for 'APU' is selected.
21:42:29 INFO  : System reset is completed.
21:42:32 INFO  : 'after 3000' command is executed.
21:42:32 INFO  : 'targets -set -filter {jtag_cable_name =~ "Digilent Zybo Z7 210351B3FC69A" && level==0 && jtag_device_ctx=="jsn-Zybo Z7-210351B3FC69A-13722093-0"}' command is executed.
21:42:33 INFO  : FPGA configured successfully with bitstream "C:/Users/fuent/Desktop/Avancesemanal/vitis_export_archive.ide/SW_Base_Booster/_ide/bitstream/DEMO_wrapper.bit"
21:42:34 INFO  : Context for 'APU' is selected.
21:42:34 INFO  : Hardware design and registers information is loaded from 'C:/Users/fuent/Desktop/Avancesemanal/vitis_export_archive.ide/HW_Base_Booster/export/HW_Base_Booster/hw/DEMO_wrapper.xsa'.
21:42:34 INFO  : 'configparams force-mem-access 1' command is executed.
21:42:34 INFO  : Context for 'APU' is selected.
21:42:34 INFO  : Sourcing of 'C:/Users/fuent/Desktop/Avancesemanal/vitis_export_archive.ide/SW_Base_Booster/_ide/psinit/ps7_init.tcl' is done.
21:42:35 INFO  : 'ps7_init' command is executed.
21:42:35 INFO  : 'ps7_post_config' command is executed.
21:42:35 INFO  : Context for processor 'ps7_cortexa9_0' is selected.
21:42:36 INFO  : The application 'C:/Users/fuent/Desktop/Avancesemanal/vitis_export_archive.ide/SW_Base_Booster/Debug/SW_Base_Booster.elf' is downloaded to processor 'ps7_cortexa9_0'.
21:42:36 INFO  : 'configparams force-mem-access 0' command is executed.
21:42:36 INFO  : ----------------XSDB Script----------------
connect -url tcp:127.0.0.1:3121
targets -set -nocase -filter {name =~"APU*"}
rst -system
after 3000
targets -set -filter {jtag_cable_name =~ "Digilent Zybo Z7 210351B3FC69A" && level==0 && jtag_device_ctx=="jsn-Zybo Z7-210351B3FC69A-13722093-0"}
fpga -file C:/Users/fuent/Desktop/Avancesemanal/vitis_export_archive.ide/SW_Base_Booster/_ide/bitstream/DEMO_wrapper.bit
targets -set -nocase -filter {name =~"APU*"}
loadhw -hw C:/Users/fuent/Desktop/Avancesemanal/vitis_export_archive.ide/HW_Base_Booster/export/HW_Base_Booster/hw/DEMO_wrapper.xsa -mem-ranges [list {0x40000000 0xbfffffff}] -regs
configparams force-mem-access 1
targets -set -nocase -filter {name =~"APU*"}
source C:/Users/fuent/Desktop/Avancesemanal/vitis_export_archive.ide/SW_Base_Booster/_ide/psinit/ps7_init.tcl
ps7_init
ps7_post_config
targets -set -nocase -filter {name =~ "*A9*#0"}
dow C:/Users/fuent/Desktop/Avancesemanal/vitis_export_archive.ide/SW_Base_Booster/Debug/SW_Base_Booster.elf
configparams force-mem-access 0
----------------End of Script----------------

21:42:36 INFO  : Context for processor 'ps7_cortexa9_0' is selected.
21:42:36 INFO  : 'con' command is executed.
21:42:36 INFO  : ----------------XSDB Script (After Launch)----------------
targets -set -nocase -filter {name =~ "*A9*#0"}
con
----------------End of Script----------------

21:42:36 INFO  : Launch script is exported to file 'C:\Users\fuent\Desktop\Avancesemanal\vitis_export_archive.ide\.sdk\launch_scripts\single_application_debug\debugger_sw_base_booster-default.tcl'
21:45:48 INFO  : Checking for BSP changes to sync application flags for project 'SW_Base_Booster'...
21:46:56 INFO  : Disconnected from the channel tcfchan#2.
21:46:57 INFO  : Connected to target on host '127.0.0.1' and port '3121'.
21:46:58 INFO  : Jtag cable 'Digilent Zybo Z7 210351B3FC69A' is selected.
21:46:58 INFO  : 'jtag frequency' command is executed.
21:46:58 INFO  : Context for 'APU' is selected.
21:46:58 INFO  : System reset is completed.
21:47:01 INFO  : 'after 3000' command is executed.
21:47:01 INFO  : 'targets -set -filter {jtag_cable_name =~ "Digilent Zybo Z7 210351B3FC69A" && level==0 && jtag_device_ctx=="jsn-Zybo Z7-210351B3FC69A-13722093-0"}' command is executed.
21:47:02 INFO  : FPGA configured successfully with bitstream "C:/Users/fuent/Desktop/Avancesemanal/vitis_export_archive.ide/SW_Base_Booster/_ide/bitstream/DEMO_wrapper.bit"
21:47:02 INFO  : Context for 'APU' is selected.
21:47:05 INFO  : Hardware design and registers information is loaded from 'C:/Users/fuent/Desktop/Avancesemanal/vitis_export_archive.ide/HW_Base_Booster/export/HW_Base_Booster/hw/DEMO_wrapper.xsa'.
21:47:05 INFO  : 'configparams force-mem-access 1' command is executed.
21:47:05 INFO  : Context for 'APU' is selected.
21:47:05 INFO  : Sourcing of 'C:/Users/fuent/Desktop/Avancesemanal/vitis_export_archive.ide/SW_Base_Booster/_ide/psinit/ps7_init.tcl' is done.
21:47:06 INFO  : 'ps7_init' command is executed.
21:47:06 INFO  : 'ps7_post_config' command is executed.
21:47:06 INFO  : Context for processor 'ps7_cortexa9_0' is selected.
21:47:06 INFO  : The application 'C:/Users/fuent/Desktop/Avancesemanal/vitis_export_archive.ide/SW_Base_Booster/Debug/SW_Base_Booster.elf' is downloaded to processor 'ps7_cortexa9_0'.
21:47:06 INFO  : 'configparams force-mem-access 0' command is executed.
21:47:06 INFO  : ----------------XSDB Script----------------
connect -url tcp:127.0.0.1:3121
targets -set -nocase -filter {name =~"APU*"}
rst -system
after 3000
targets -set -filter {jtag_cable_name =~ "Digilent Zybo Z7 210351B3FC69A" && level==0 && jtag_device_ctx=="jsn-Zybo Z7-210351B3FC69A-13722093-0"}
fpga -file C:/Users/fuent/Desktop/Avancesemanal/vitis_export_archive.ide/SW_Base_Booster/_ide/bitstream/DEMO_wrapper.bit
targets -set -nocase -filter {name =~"APU*"}
loadhw -hw C:/Users/fuent/Desktop/Avancesemanal/vitis_export_archive.ide/HW_Base_Booster/export/HW_Base_Booster/hw/DEMO_wrapper.xsa -mem-ranges [list {0x40000000 0xbfffffff}] -regs
configparams force-mem-access 1
targets -set -nocase -filter {name =~"APU*"}
source C:/Users/fuent/Desktop/Avancesemanal/vitis_export_archive.ide/SW_Base_Booster/_ide/psinit/ps7_init.tcl
ps7_init
ps7_post_config
targets -set -nocase -filter {name =~ "*A9*#0"}
dow C:/Users/fuent/Desktop/Avancesemanal/vitis_export_archive.ide/SW_Base_Booster/Debug/SW_Base_Booster.elf
configparams force-mem-access 0
----------------End of Script----------------

21:47:07 INFO  : Context for processor 'ps7_cortexa9_0' is selected.
21:47:07 INFO  : 'con' command is executed.
21:47:07 INFO  : ----------------XSDB Script (After Launch)----------------
targets -set -nocase -filter {name =~ "*A9*#0"}
con
----------------End of Script----------------

21:47:07 INFO  : Launch script is exported to file 'C:\Users\fuent\Desktop\Avancesemanal\vitis_export_archive.ide\.sdk\launch_scripts\single_application_debug\debugger_sw_base_booster-default.tcl'
21:54:25 INFO  : Checking for BSP changes to sync application flags for project 'SW_Base_Booster'...
21:55:06 INFO  : Disconnected from the channel tcfchan#3.
21:55:07 INFO  : Connected to target on host '127.0.0.1' and port '3121'.
21:55:08 INFO  : Jtag cable 'Digilent Zybo Z7 210351B3FC69A' is selected.
21:55:08 INFO  : 'jtag frequency' command is executed.
21:55:08 INFO  : Context for 'APU' is selected.
21:55:08 INFO  : System reset is completed.
21:55:11 INFO  : 'after 3000' command is executed.
21:55:11 INFO  : 'targets -set -filter {jtag_cable_name =~ "Digilent Zybo Z7 210351B3FC69A" && level==0 && jtag_device_ctx=="jsn-Zybo Z7-210351B3FC69A-13722093-0"}' command is executed.
21:55:12 INFO  : FPGA configured successfully with bitstream "C:/Users/fuent/Desktop/Avancesemanal/vitis_export_archive.ide/SW_Base_Booster/_ide/bitstream/DEMO_wrapper.bit"
21:55:12 INFO  : Context for 'APU' is selected.
21:55:12 INFO  : Hardware design and registers information is loaded from 'C:/Users/fuent/Desktop/Avancesemanal/vitis_export_archive.ide/HW_Base_Booster/export/HW_Base_Booster/hw/DEMO_wrapper.xsa'.
21:55:12 INFO  : 'configparams force-mem-access 1' command is executed.
21:55:12 INFO  : Context for 'APU' is selected.
21:55:12 INFO  : Sourcing of 'C:/Users/fuent/Desktop/Avancesemanal/vitis_export_archive.ide/SW_Base_Booster/_ide/psinit/ps7_init.tcl' is done.
21:55:13 INFO  : 'ps7_init' command is executed.
21:55:13 INFO  : 'ps7_post_config' command is executed.
21:55:13 INFO  : Context for processor 'ps7_cortexa9_0' is selected.
21:55:14 INFO  : The application 'C:/Users/fuent/Desktop/Avancesemanal/vitis_export_archive.ide/SW_Base_Booster/Debug/SW_Base_Booster.elf' is downloaded to processor 'ps7_cortexa9_0'.
21:55:14 INFO  : 'configparams force-mem-access 0' command is executed.
21:55:14 INFO  : ----------------XSDB Script----------------
connect -url tcp:127.0.0.1:3121
targets -set -nocase -filter {name =~"APU*"}
rst -system
after 3000
targets -set -filter {jtag_cable_name =~ "Digilent Zybo Z7 210351B3FC69A" && level==0 && jtag_device_ctx=="jsn-Zybo Z7-210351B3FC69A-13722093-0"}
fpga -file C:/Users/fuent/Desktop/Avancesemanal/vitis_export_archive.ide/SW_Base_Booster/_ide/bitstream/DEMO_wrapper.bit
targets -set -nocase -filter {name =~"APU*"}
loadhw -hw C:/Users/fuent/Desktop/Avancesemanal/vitis_export_archive.ide/HW_Base_Booster/export/HW_Base_Booster/hw/DEMO_wrapper.xsa -mem-ranges [list {0x40000000 0xbfffffff}] -regs
configparams force-mem-access 1
targets -set -nocase -filter {name =~"APU*"}
source C:/Users/fuent/Desktop/Avancesemanal/vitis_export_archive.ide/SW_Base_Booster/_ide/psinit/ps7_init.tcl
ps7_init
ps7_post_config
targets -set -nocase -filter {name =~ "*A9*#0"}
dow C:/Users/fuent/Desktop/Avancesemanal/vitis_export_archive.ide/SW_Base_Booster/Debug/SW_Base_Booster.elf
configparams force-mem-access 0
----------------End of Script----------------

21:55:14 INFO  : Context for processor 'ps7_cortexa9_0' is selected.
21:55:14 INFO  : 'con' command is executed.
21:55:14 INFO  : ----------------XSDB Script (After Launch)----------------
targets -set -nocase -filter {name =~ "*A9*#0"}
con
----------------End of Script----------------

21:55:14 INFO  : Launch script is exported to file 'C:\Users\fuent\Desktop\Avancesemanal\vitis_export_archive.ide\.sdk\launch_scripts\single_application_debug\debugger_sw_base_booster-default.tcl'
21:56:38 INFO  : Checking for BSP changes to sync application flags for project 'SW_Base_Booster'...
21:57:02 INFO  : Checking for BSP changes to sync application flags for project 'SW_Base_Booster'...
21:57:11 INFO  : Disconnected from the channel tcfchan#4.
21:57:12 INFO  : Connected to target on host '127.0.0.1' and port '3121'.
21:57:30 INFO  : ----------------XSDB Script----------------
connect -url tcp:127.0.0.1:3121
----------------End of Script----------------

21:57:30 ERROR : Could not find ARM device on the board for connection 'Local'.
Check if the target is in:
1. Split JTAG - No operations are possible with ARM DAP.
2. Non JTAG bootmode - Bootrom may need time to enable DAP.
Please try again.


Troubleshooting hints:
1. Check whether board is connected to system properly.
2. In case of zynq board, check whether Digilent/Xilinx cable switch settings are correct.
3. If you are using Xilinx Platform Cable USB, ensure that status LED is green.
21:57:58 INFO  : Connected to target on host '127.0.0.1' and port '3121'.
21:57:58 INFO  : Jtag cable 'Digilent Zybo Z7 210351B3FC69A' is selected.
21:57:58 INFO  : 'jtag frequency' command is executed.
21:57:58 INFO  : Context for 'APU' is selected.
21:57:58 INFO  : System reset is completed.
21:58:01 INFO  : 'after 3000' command is executed.
21:58:02 INFO  : 'targets -set -filter {jtag_cable_name =~ "Digilent Zybo Z7 210351B3FC69A" && level==0 && jtag_device_ctx=="jsn-Zybo Z7-210351B3FC69A-13722093-0"}' command is executed.
21:58:03 INFO  : FPGA configured successfully with bitstream "C:/Users/fuent/Desktop/Avancesemanal/vitis_export_archive.ide/SW_Base_Booster/_ide/bitstream/DEMO_wrapper.bit"
21:58:03 INFO  : Context for 'APU' is selected.
21:58:03 INFO  : Hardware design and registers information is loaded from 'C:/Users/fuent/Desktop/Avancesemanal/vitis_export_archive.ide/HW_Base_Booster/export/HW_Base_Booster/hw/DEMO_wrapper.xsa'.
21:58:03 INFO  : 'configparams force-mem-access 1' command is executed.
21:58:03 INFO  : Context for 'APU' is selected.
21:58:03 INFO  : Sourcing of 'C:/Users/fuent/Desktop/Avancesemanal/vitis_export_archive.ide/SW_Base_Booster/_ide/psinit/ps7_init.tcl' is done.
21:58:04 INFO  : 'ps7_init' command is executed.
21:58:04 INFO  : 'ps7_post_config' command is executed.
21:58:04 INFO  : Context for processor 'ps7_cortexa9_0' is selected.
21:58:04 INFO  : The application 'C:/Users/fuent/Desktop/Avancesemanal/vitis_export_archive.ide/SW_Base_Booster/Debug/SW_Base_Booster.elf' is downloaded to processor 'ps7_cortexa9_0'.
21:58:05 INFO  : 'configparams force-mem-access 0' command is executed.
21:58:05 INFO  : ----------------XSDB Script----------------
connect -url tcp:127.0.0.1:3121
targets -set -nocase -filter {name =~"APU*"}
rst -system
after 3000
targets -set -filter {jtag_cable_name =~ "Digilent Zybo Z7 210351B3FC69A" && level==0 && jtag_device_ctx=="jsn-Zybo Z7-210351B3FC69A-13722093-0"}
fpga -file C:/Users/fuent/Desktop/Avancesemanal/vitis_export_archive.ide/SW_Base_Booster/_ide/bitstream/DEMO_wrapper.bit
targets -set -nocase -filter {name =~"APU*"}
loadhw -hw C:/Users/fuent/Desktop/Avancesemanal/vitis_export_archive.ide/HW_Base_Booster/export/HW_Base_Booster/hw/DEMO_wrapper.xsa -mem-ranges [list {0x40000000 0xbfffffff}] -regs
configparams force-mem-access 1
targets -set -nocase -filter {name =~"APU*"}
source C:/Users/fuent/Desktop/Avancesemanal/vitis_export_archive.ide/SW_Base_Booster/_ide/psinit/ps7_init.tcl
ps7_init
ps7_post_config
targets -set -nocase -filter {name =~ "*A9*#0"}
dow C:/Users/fuent/Desktop/Avancesemanal/vitis_export_archive.ide/SW_Base_Booster/Debug/SW_Base_Booster.elf
configparams force-mem-access 0
----------------End of Script----------------

21:58:05 INFO  : Context for processor 'ps7_cortexa9_0' is selected.
21:58:05 INFO  : 'con' command is executed.
21:58:05 INFO  : ----------------XSDB Script (After Launch)----------------
targets -set -nocase -filter {name =~ "*A9*#0"}
con
----------------End of Script----------------

21:58:05 INFO  : Launch script is exported to file 'C:\Users\fuent\Desktop\Avancesemanal\vitis_export_archive.ide\.sdk\launch_scripts\single_application_debug\debugger_sw_base_booster-default.tcl'
22:28:05 INFO  : Disconnected from the channel tcfchan#5.
08:58:45 INFO  : Launching XSCT server: xsct.bat -n  -interactive C:\Users\fuent\Desktop\Avancesemanal\vitis_export_archive.ide\temp_xsdb_launch_script.tcl
08:58:48 INFO  : XSCT server has started successfully.
08:58:48 INFO  : Successfully done setting XSCT server connection channel  
08:58:48 INFO  : plnx-install-location is set to ''
08:58:48 INFO  : Successfully done setting workspace for the tool. 
08:58:54 INFO  : Platform repository initialization has completed.
08:58:54 INFO  : Registering command handlers for Vitis TCF services
08:58:55 INFO  : Successfully done query RDI_DATADIR 
09:02:41 INFO  : Connected to target on host '127.0.0.1' and port '3121'.
09:02:42 INFO  : Jtag cable 'Digilent Zybo Z7 210351B3FC69A' is selected.
09:02:42 INFO  : 'jtag frequency' command is executed.
09:02:42 INFO  : Context for 'APU' is selected.
09:02:42 INFO  : System reset is completed.
09:02:45 INFO  : 'after 3000' command is executed.
09:02:46 INFO  : 'targets -set -filter {jtag_cable_name =~ "Digilent Zybo Z7 210351B3FC69A" && level==0 && jtag_device_ctx=="jsn-Zybo Z7-210351B3FC69A-13722093-0"}' command is executed.
09:02:47 INFO  : FPGA configured successfully with bitstream "C:/Users/fuent/Desktop/Avancesemanal/vitis_export_archive.ide/SW_Base_Booster/_ide/bitstream/DEMO_wrapper.bit"
09:02:47 INFO  : Context for 'APU' is selected.
09:02:48 INFO  : Hardware design and registers information is loaded from 'C:/Users/fuent/Desktop/Avancesemanal/vitis_export_archive.ide/HW_Base_Booster/export/HW_Base_Booster/hw/DEMO_wrapper.xsa'.
09:02:48 INFO  : 'configparams force-mem-access 1' command is executed.
09:02:48 INFO  : Context for 'APU' is selected.
09:02:48 INFO  : Sourcing of 'C:/Users/fuent/Desktop/Avancesemanal/vitis_export_archive.ide/SW_Base_Booster/_ide/psinit/ps7_init.tcl' is done.
09:02:49 INFO  : 'ps7_init' command is executed.
09:02:49 INFO  : 'ps7_post_config' command is executed.
09:02:49 INFO  : Context for processor 'ps7_cortexa9_0' is selected.
09:02:50 INFO  : The application 'C:/Users/fuent/Desktop/Avancesemanal/vitis_export_archive.ide/SW_Base_Booster/Debug/SW_Base_Booster.elf' is downloaded to processor 'ps7_cortexa9_0'.
09:02:50 INFO  : 'configparams force-mem-access 0' command is executed.
09:02:50 INFO  : ----------------XSDB Script----------------
connect -url tcp:127.0.0.1:3121
targets -set -nocase -filter {name =~"APU*"}
rst -system
after 3000
targets -set -filter {jtag_cable_name =~ "Digilent Zybo Z7 210351B3FC69A" && level==0 && jtag_device_ctx=="jsn-Zybo Z7-210351B3FC69A-13722093-0"}
fpga -file C:/Users/fuent/Desktop/Avancesemanal/vitis_export_archive.ide/SW_Base_Booster/_ide/bitstream/DEMO_wrapper.bit
targets -set -nocase -filter {name =~"APU*"}
loadhw -hw C:/Users/fuent/Desktop/Avancesemanal/vitis_export_archive.ide/HW_Base_Booster/export/HW_Base_Booster/hw/DEMO_wrapper.xsa -mem-ranges [list {0x40000000 0xbfffffff}] -regs
configparams force-mem-access 1
targets -set -nocase -filter {name =~"APU*"}
source C:/Users/fuent/Desktop/Avancesemanal/vitis_export_archive.ide/SW_Base_Booster/_ide/psinit/ps7_init.tcl
ps7_init
ps7_post_config
targets -set -nocase -filter {name =~ "*A9*#0"}
dow C:/Users/fuent/Desktop/Avancesemanal/vitis_export_archive.ide/SW_Base_Booster/Debug/SW_Base_Booster.elf
configparams force-mem-access 0
----------------End of Script----------------

09:02:50 INFO  : Context for processor 'ps7_cortexa9_0' is selected.
09:02:50 INFO  : 'con' command is executed.
09:02:50 INFO  : ----------------XSDB Script (After Launch)----------------
targets -set -nocase -filter {name =~ "*A9*#0"}
con
----------------End of Script----------------

09:02:50 INFO  : Launch script is exported to file 'C:\Users\fuent\Desktop\Avancesemanal\vitis_export_archive.ide\.sdk\launch_scripts\single_application_debug\debugger_sw_base_booster-default.tcl'
09:05:56 INFO  : Checking for BSP changes to sync application flags for project 'SW_Base_Booster'...
09:06:38 INFO  : Checking for BSP changes to sync application flags for project 'SW_Base_Booster'...
09:06:46 INFO  : Disconnected from the channel tcfchan#1.
09:06:47 INFO  : Connected to target on host '127.0.0.1' and port '3121'.
09:06:47 INFO  : Jtag cable 'Digilent Zybo Z7 210351B3FC69A' is selected.
09:06:47 INFO  : 'jtag frequency' command is executed.
09:06:47 INFO  : Context for 'APU' is selected.
09:06:47 INFO  : System reset is completed.
09:06:50 INFO  : 'after 3000' command is executed.
09:06:50 INFO  : 'targets -set -filter {jtag_cable_name =~ "Digilent Zybo Z7 210351B3FC69A" && level==0 && jtag_device_ctx=="jsn-Zybo Z7-210351B3FC69A-13722093-0"}' command is executed.
09:06:52 INFO  : FPGA configured successfully with bitstream "C:/Users/fuent/Desktop/Avancesemanal/vitis_export_archive.ide/SW_Base_Booster/_ide/bitstream/DEMO_wrapper.bit"
09:06:52 INFO  : Context for 'APU' is selected.
09:06:55 INFO  : Hardware design and registers information is loaded from 'C:/Users/fuent/Desktop/Avancesemanal/vitis_export_archive.ide/HW_Base_Booster/export/HW_Base_Booster/hw/DEMO_wrapper.xsa'.
09:06:55 INFO  : 'configparams force-mem-access 1' command is executed.
09:06:55 INFO  : Context for 'APU' is selected.
09:06:55 INFO  : Sourcing of 'C:/Users/fuent/Desktop/Avancesemanal/vitis_export_archive.ide/SW_Base_Booster/_ide/psinit/ps7_init.tcl' is done.
09:06:56 INFO  : 'ps7_init' command is executed.
09:06:56 INFO  : 'ps7_post_config' command is executed.
09:06:56 INFO  : Context for processor 'ps7_cortexa9_0' is selected.
09:06:56 INFO  : The application 'C:/Users/fuent/Desktop/Avancesemanal/vitis_export_archive.ide/SW_Base_Booster/Debug/SW_Base_Booster.elf' is downloaded to processor 'ps7_cortexa9_0'.
09:06:57 INFO  : 'configparams force-mem-access 0' command is executed.
09:06:57 INFO  : ----------------XSDB Script----------------
connect -url tcp:127.0.0.1:3121
targets -set -nocase -filter {name =~"APU*"}
rst -system
after 3000
targets -set -filter {jtag_cable_name =~ "Digilent Zybo Z7 210351B3FC69A" && level==0 && jtag_device_ctx=="jsn-Zybo Z7-210351B3FC69A-13722093-0"}
fpga -file C:/Users/fuent/Desktop/Avancesemanal/vitis_export_archive.ide/SW_Base_Booster/_ide/bitstream/DEMO_wrapper.bit
targets -set -nocase -filter {name =~"APU*"}
loadhw -hw C:/Users/fuent/Desktop/Avancesemanal/vitis_export_archive.ide/HW_Base_Booster/export/HW_Base_Booster/hw/DEMO_wrapper.xsa -mem-ranges [list {0x40000000 0xbfffffff}] -regs
configparams force-mem-access 1
targets -set -nocase -filter {name =~"APU*"}
source C:/Users/fuent/Desktop/Avancesemanal/vitis_export_archive.ide/SW_Base_Booster/_ide/psinit/ps7_init.tcl
ps7_init
ps7_post_config
targets -set -nocase -filter {name =~ "*A9*#0"}
dow C:/Users/fuent/Desktop/Avancesemanal/vitis_export_archive.ide/SW_Base_Booster/Debug/SW_Base_Booster.elf
configparams force-mem-access 0
----------------End of Script----------------

09:06:57 INFO  : Context for processor 'ps7_cortexa9_0' is selected.
09:06:57 INFO  : 'con' command is executed.
09:06:57 INFO  : ----------------XSDB Script (After Launch)----------------
targets -set -nocase -filter {name =~ "*A9*#0"}
con
----------------End of Script----------------

09:06:57 INFO  : Launch script is exported to file 'C:\Users\fuent\Desktop\Avancesemanal\vitis_export_archive.ide\.sdk\launch_scripts\single_application_debug\debugger_sw_base_booster-default.tcl'
14:00:12 INFO  : Disconnected from the channel tcfchan#3.
